<?xml version="1.0" encoding="UTF-8"?>
<!-- Generated by org.testng.reporters.JUnitReportReporter -->
<testsuite hostname="SIPL2014-03" failures="0" tests="1" name="com.ids.automation.TestCases.TC_LoginTest_001" time="1.526" errors="0" timestamp="2023-05-26T11:59:28 IST" skipped="0">
  <testcase classname="com.ids.automation.TestCases.TC_LoginTest_001" name="loginTest" time="1.526"/>
  <system-out/>
</testsuite> <!-- com.ids.automation.TestCases.TC_LoginTest_001 -->
