<?xml version="1.0" encoding="UTF-8"?>
<!-- Generated by org.testng.reporters.JUnitReportReporter -->
<testsuite hostname="SIPL2014-03" failures="0" tests="1" name="com.ids.automation.TestCases.TC_OPDNewDDT_01" time="16.520" errors="0" timestamp="2023-06-07T21:50:05 IST" skipped="0">
  <testcase classname="com.ids.automation.TestCases.TC_OPDNewDDT_01" name="OPDNew_Test" time="16.520"/>
  <system-out/>
</testsuite> <!-- com.ids.automation.TestCases.TC_OPDNewDDT_01 -->
